<?xml version="1.0" encoding="UTF-8"?>
<testng-results skipped="0" failed="0" total="1" passed="1">
  <reporter-output>
  </reporter-output>
  <suite name="Default suite" duration-ms="61199" started-at="2018-07-10T09:34:09Z" finished-at="2018-07-10T09:35:10Z">
    <groups>
    </groups>
    <test name="Default test" duration-ms="61199" started-at="2018-07-10T09:34:09Z" finished-at="2018-07-10T09:35:10Z">
      <class name="planner.publish_story">
        <test-method status="PASS" signature="create()[pri:0, instance:planner.publish_story@31ef45e3]" name="create" is-config="true" duration-ms="17903" started-at="2018-07-10T15:04:09Z" finished-at="2018-07-10T15:04:27Z">
          <reporter-output>
          </reporter-output>
        </test-method> <!-- create -->
        <test-method status="PASS" signature="story_publish()[pri:0, instance:planner.publish_story@31ef45e3]" name="story_publish" duration-ms="43282" started-at="2018-07-10T15:04:27Z" finished-at="2018-07-10T15:05:10Z">
          <reporter-output>
          </reporter-output>
        </test-method> <!-- story_publish -->
        <test-method status="PASS" signature="close()[pri:0, instance:planner.publish_story@31ef45e3]" name="close" is-config="true" duration-ms="0" started-at="2018-07-10T15:05:10Z" finished-at="2018-07-10T15:05:10Z">
          <reporter-output>
          </reporter-output>
        </test-method> <!-- close -->
      </class> <!-- planner.publish_story -->
    </test> <!-- Default test -->
  </suite> <!-- Default suite -->
</testng-results>
