<?xml version="1.0" encoding="UTF-8"?>
<!-- Generated by org.testng.reporters.JUnitXMLReporter -->
<testsuite hostname="ABPDigitalNoida-13724" name="CMS Login Hamburger" tests="3" failures="0" timestamp="22 Jan 2018 11:51:23 GMT" time="58.395" errors="0">
  <testcase name="hamburger_click" time="7.804" classname="base.login"/>
  <testcase name="login_pagetest" time="2.568" classname="base.login"/>
  <testcase name="story_create" time="28.633" classname="story.blank_story"/>
</testsuite> <!-- CMS Login Hamburger -->
