<?xml version="1.0" encoding="UTF-8"?>
<!-- Generated by org.testng.reporters.JUnitXMLReporter -->
<testsuite hostname="ABPDigitalNoida-13724" name="CMS StoryCreate" tests="4" failures="0" timestamp="19 Feb 2018 07:25:16 GMT" time="394.77" errors="0">
  <testcase name="story_create" time="35.027" classname="story.blank_story">
    <skipped/>
  </testcase> <!-- story_create -->
  <testcase name="story_create" time="35.025" classname="story.blank_story">
    <skipped/>
  </testcase> <!-- story_create -->
  <testcase name="story_create" time="35.018" classname="story.blank_story">
    <skipped/>
  </testcase> <!-- story_create -->
  <testcase name="story_create" time="81.032" classname="story.blank_story"/>
</testsuite> <!-- CMS StoryCreate -->
