<?xml version="1.0" encoding="UTF-8"?>
<!-- Generated by org.testng.reporters.JUnitXMLReporter -->
<testsuite hostname="ABPDigitalNoida-13724" name="CMS Planner" tests="8" failures="1" timestamp="19 Feb 2018 07:36:41 GMT" time="685.38" errors="0">
  <testcase name="idea_create" time="94.346" classname="planner.Idea_creation"/>
  <testcase name="idea_reject" time="91.82" classname="planner.idea_rejection"/>
  <testcase name="story_promote" time="57.599" classname="planner.storyPromote"/>
  <testcase name="Openstory" time="59.573" classname="planner.storyOpen"/>
  <testcase name="submitStory" time="102.886" classname="planner.submitStory">
    <skipped/>
  </testcase> <!-- submitStory -->
  <testcase name="submitStory" time="78.559" classname="planner.submitStory">
    <skipped/>
  </testcase> <!-- submitStory -->
  <testcase name="submitStory" time="35.406" classname="planner.submitStory">
    <skipped/>
  </testcase> <!-- submitStory -->
  <testcase name="submitStory" time="82.875" classname="planner.submitStory">
    <failure type="java.lang.AssertionError" message="null">
      <![CDATA[java.lang.AssertionError: null
	at base.pageClass.submitStory(pageClass.java:393)
	at planner.submitStory.submitStory(submitStory.java:40)
... Removed 27 stack frames]]>
    </failure>
  </testcase> <!-- submitStory -->
</testsuite> <!-- CMS Planner -->
